<?xml version="1.0" encoding="UTF-8"?><testrun name="TestRunner" project="TA_Training" tests="17" started="17" failures="0" errors="2" ignored="0">
  <testsuite name="runners.TestRunner" time="76.146">
    <testsuite name="SOFLAB TA Framework training" time="76.146">
      <testsuite name="Create an acount and buy something using test file" time="76.146" incomplete="true">
        <error>io.cucumber.junit.UndefinedStepException: The step "pay via check" is undefined. You can implement it using the snippet(s) below:

@When("pay via check")
public void pay_via_check() {
    // Write code here that turns the phrase above into concrete actions
    throw new io.cucumber.java.PendingException();
}
&#13;
&#13;
</error>
        <testcase name="user is on Home Page" classname="Create an acount and buy something using test file" time="5.06"/>
        <testcase name="enter Sign in" classname="Create an acount and buy something using test file" time="3.245"/>
        <testcase name="enter email to create an account" classname="Create an acount and buy something using test file" time="0.758"/>
        <testcase name="click Create an account" classname="Create an acount and buy something using test file" time="0.114"/>
        <testcase name="enter &quot;Adam&quot; to create a account" classname="Create an acount and buy something using test file" time="7.711"/>
        <testcase name="enter the t-shirt category" classname="Create an acount and buy something using test file" time="5.218"/>
        <testcase name="add to cart a &quot;Adam&quot; t-shirt" classname="Create an acount and buy something using test file" time="13.631"/>
        <testcase name="enter the casual dresses category" classname="Create an acount and buy something using test file" time="4.375"/>
        <testcase name="add to cart a &quot;Adam&quot; casual dres" classname="Create an acount and buy something using test file" time="12.02"/>
        <testcase name="enter the women category" classname="Create an acount and buy something using test file" time="2.899"/>
        <testcase name="add to cart a &quot;Adam&quot; blouse" classname="Create an acount and buy something using test file" time="12.212"/>
        <testcase name="proceed to checkout" classname="Create an acount and buy something using test file" time="3.027"/>
        <testcase name="save the product names and prices to a file" classname="Create an acount and buy something using test file" time="0.429"/>
        <testcase name="proceed from cart summary to checkout" classname="Create an acount and buy something using test file" time="2.263"/>
        <testcase name="proceed from address to checkout" classname="Create an acount and buy something using test file" time="1.863"/>
        <testcase name="proceed from shipping to checkout" classname="Create an acount and buy something using test file" time="1.314"/>
        <testcase name="pay via check" classname="Create an acount and buy something using test file" time="0.006">
          <error>io.cucumber.junit.UndefinedStepException: This step is undefined. You can implement it using the snippet(s) below:

@When("pay via check")
public void pay_via_check() {
    // Write code here that turns the phrase above into concrete actions
    throw new io.cucumber.java.PendingException();
}
&#13;
&#13;
</error>
        </testcase>
      </testsuite>
    </testsuite>
  </testsuite>
</testrun>
