<?xml version="1.0" encoding="UTF-8"?><testrun name="TestRunner" project="TA_Training" tests="5" started="5" failures="0" errors="2" ignored="0">
  <testsuite name="runners.TestRunner" time="6.913">
    <testsuite name="SOFLAB TA Framework training" time="6.913">
      <testsuite name="Create an acount and buy something using test file" time="6.913" incomplete="true">
        <error>io.cucumber.messages.internal.com.google.gson.JsonSyntaxException: java.lang.IllegalStateException: Expected BEGIN_ARRAY but was BEGIN_OBJECT at line 1 column 2 path $&#13;
	at io.cucumber.messages.internal.com.google.gson.Gson.fromJson(Gson.java:944)&#13;
	at io.cucumber.messages.internal.com.google.gson.Gson.fromJson(Gson.java:870)&#13;
	at dataProviders.JsonDataReader.getInformationsListData(JsonDataReader.java:30)&#13;
	at dataProviders.JsonDataReader.&lt;init&gt;(JsonDataReader.java:22)&#13;
	at managers.FileReaderManager.getJsonReader(FileReaderManager.java:24)&#13;
	at stepDefinitions.CreateAnAccountSteps.enter_to_create_a_account(CreateAnAccountSteps.java:44)&#13;
	at ✽.enter "Adam" to create a account(file:///C:/Users/p_smandzich/Desktop/Cucumber/TA_Training/src/test/resources/funcionalTests/training.feature:79)&#13;
Caused by: java.lang.IllegalStateException: Expected BEGIN_ARRAY but was BEGIN_OBJECT at line 1 column 2 path $&#13;
	at io.cucumber.messages.internal.com.google.gson.stream.JsonReader.beginArray(JsonReader.java:351)&#13;
	at io.cucumber.messages.internal.com.google.gson.internal.bind.ArrayTypeAdapter.read(ArrayTypeAdapter.java:70)&#13;
	at io.cucumber.messages.internal.com.google.gson.Gson.fromJson(Gson.java:932)&#13;
	at io.cucumber.messages.internal.com.google.gson.Gson.fromJson(Gson.java:870)&#13;
	at dataProviders.JsonDataReader.getInformationsListData(JsonDataReader.java:30)&#13;
	at dataProviders.JsonDataReader.&lt;init&gt;(JsonDataReader.java:22)&#13;
	at managers.FileReaderManager.getJsonReader(FileReaderManager.java:24)&#13;
	at stepDefinitions.CreateAnAccountSteps.enter_to_create_a_account(CreateAnAccountSteps.java:44)&#13;
	at java.base/jdk.internal.reflect.NativeMethodAccessorImpl.invoke0(Native Method)&#13;
	at java.base/jdk.internal.reflect.NativeMethodAccessorImpl.invoke(NativeMethodAccessorImpl.java:62)&#13;
	at java.base/jdk.internal.reflect.DelegatingMethodAccessorImpl.invoke(DelegatingMethodAccessorImpl.java:43)&#13;
	at java.base/java.lang.reflect.Method.invoke(Method.java:564)&#13;
	at io.cucumber.java.Invoker.doInvoke(Invoker.java:66)&#13;
	at io.cucumber.java.Invoker.invoke(Invoker.java:24)&#13;
	at io.cucumber.java.AbstractGlueDefinition.invokeMethod(AbstractGlueDefinition.java:47)&#13;
	at io.cucumber.java.JavaStepDefinition.execute(JavaStepDefinition.java:29)&#13;
	at io.cucumber.core.runner.CoreStepDefinition.execute(CoreStepDefinition.java:66)&#13;
	at io.cucumber.core.runner.PickleStepDefinitionMatch.runStep(PickleStepDefinitionMatch.java:63)&#13;
	at io.cucumber.core.runner.TestStep.executeStep(TestStep.java:92)&#13;
	at io.cucumber.core.runner.TestStep.run(TestStep.java:63)&#13;
	at io.cucumber.core.runner.PickleStepTestStep.run(PickleStepTestStep.java:49)&#13;
	at io.cucumber.core.runner.TestCase.run(TestCase.java:99)&#13;
	at io.cucumber.core.runner.Runner.runPickle(Runner.java:71)&#13;
	at io.cucumber.junit.PickleRunners$WithStepDescriptions.run(PickleRunners.java:110)&#13;
	at io.cucumber.junit.FeatureRunner.runChild(FeatureRunner.java:135)&#13;
	at io.cucumber.junit.FeatureRunner.runChild(FeatureRunner.java:27)&#13;
	at org.junit.runners.ParentRunner$3.run(ParentRunner.java:238)&#13;
	at org.junit.runners.ParentRunner$1.schedule(ParentRunner.java:63)&#13;
	at org.junit.runners.ParentRunner.runChildren(ParentRunner.java:236)&#13;
	at org.junit.runners.ParentRunner.access$000(ParentRunner.java:53)&#13;
	at org.junit.runners.ParentRunner$2.evaluate(ParentRunner.java:229)&#13;
	at org.junit.runners.ParentRunner.run(ParentRunner.java:309)&#13;
	at io.cucumber.junit.Cucumber.runChild(Cucumber.java:199)&#13;
	at io.cucumber.junit.Cucumber.runChild(Cucumber.java:90)&#13;
	at org.junit.runners.ParentRunner$3.run(ParentRunner.java:238)&#13;
	at org.junit.runners.ParentRunner$1.schedule(ParentRunner.java:63)&#13;
	at org.junit.runners.ParentRunner.runChildren(ParentRunner.java:236)&#13;
	at org.junit.runners.ParentRunner.access$000(ParentRunner.java:53)&#13;
	at org.junit.runners.ParentRunner$2.evaluate(ParentRunner.java:229)&#13;
	at io.cucumber.junit.Cucumber$RunCucumber.evaluate(Cucumber.java:234)&#13;
	at org.junit.runners.ParentRunner.run(ParentRunner.java:309)&#13;
	at org.eclipse.jdt.internal.junit4.runner.JUnit4TestReference.run(JUnit4TestReference.java:89)&#13;
	at org.eclipse.jdt.internal.junit.runner.TestExecution.run(TestExecution.java:41)&#13;
	at org.eclipse.jdt.internal.junit.runner.RemoteTestRunner.runTests(RemoteTestRunner.java:542)&#13;
	at org.eclipse.jdt.internal.junit.runner.RemoteTestRunner.runTests(RemoteTestRunner.java:770)&#13;
	at org.eclipse.jdt.internal.junit.runner.RemoteTestRunner.run(RemoteTestRunner.java:464)&#13;
	at org.eclipse.jdt.internal.junit.runner.RemoteTestRunner.main(RemoteTestRunner.java:210)&#13;
&#13;
</error>
        <testcase name="user is on Home Page" classname="Create an acount and buy something using test file" time="5.037"/>
        <testcase name="enter Sign in" classname="Create an acount and buy something using test file" time="1.183"/>
        <testcase name="enter email to create an account" classname="Create an acount and buy something using test file" time="0.541"/>
        <testcase name="click Create an account" classname="Create an acount and buy something using test file" time="0.091"/>
        <testcase name="enter &quot;Adam&quot; to create a account" classname="Create an acount and buy something using test file" time="0.061">
          <error>io.cucumber.messages.internal.com.google.gson.JsonSyntaxException: java.lang.IllegalStateException: Expected BEGIN_ARRAY but was BEGIN_OBJECT at line 1 column 2 path $&#13;
	at io.cucumber.messages.internal.com.google.gson.Gson.fromJson(Gson.java:944)&#13;
	at io.cucumber.messages.internal.com.google.gson.Gson.fromJson(Gson.java:870)&#13;
	at dataProviders.JsonDataReader.getInformationsListData(JsonDataReader.java:30)&#13;
	at dataProviders.JsonDataReader.&lt;init&gt;(JsonDataReader.java:22)&#13;
	at managers.FileReaderManager.getJsonReader(FileReaderManager.java:24)&#13;
	at stepDefinitions.CreateAnAccountSteps.enter_to_create_a_account(CreateAnAccountSteps.java:44)&#13;
	at ✽.enter "Adam" to create a account(file:///C:/Users/p_smandzich/Desktop/Cucumber/TA_Training/src/test/resources/funcionalTests/training.feature:79)&#13;
Caused by: java.lang.IllegalStateException: Expected BEGIN_ARRAY but was BEGIN_OBJECT at line 1 column 2 path $&#13;
	at io.cucumber.messages.internal.com.google.gson.stream.JsonReader.beginArray(JsonReader.java:351)&#13;
	at io.cucumber.messages.internal.com.google.gson.internal.bind.ArrayTypeAdapter.read(ArrayTypeAdapter.java:70)&#13;
	at io.cucumber.messages.internal.com.google.gson.Gson.fromJson(Gson.java:932)&#13;
	at io.cucumber.messages.internal.com.google.gson.Gson.fromJson(Gson.java:870)&#13;
	at dataProviders.JsonDataReader.getInformationsListData(JsonDataReader.java:30)&#13;
	at dataProviders.JsonDataReader.&lt;init&gt;(JsonDataReader.java:22)&#13;
	at managers.FileReaderManager.getJsonReader(FileReaderManager.java:24)&#13;
	at stepDefinitions.CreateAnAccountSteps.enter_to_create_a_account(CreateAnAccountSteps.java:44)&#13;
	at java.base/jdk.internal.reflect.NativeMethodAccessorImpl.invoke0(Native Method)&#13;
	at java.base/jdk.internal.reflect.NativeMethodAccessorImpl.invoke(NativeMethodAccessorImpl.java:62)&#13;
	at java.base/jdk.internal.reflect.DelegatingMethodAccessorImpl.invoke(DelegatingMethodAccessorImpl.java:43)&#13;
	at java.base/java.lang.reflect.Method.invoke(Method.java:564)&#13;
	at io.cucumber.java.Invoker.doInvoke(Invoker.java:66)&#13;
	at io.cucumber.java.Invoker.invoke(Invoker.java:24)&#13;
	at io.cucumber.java.AbstractGlueDefinition.invokeMethod(AbstractGlueDefinition.java:47)&#13;
	at io.cucumber.java.JavaStepDefinition.execute(JavaStepDefinition.java:29)&#13;
	at io.cucumber.core.runner.CoreStepDefinition.execute(CoreStepDefinition.java:66)&#13;
	at io.cucumber.core.runner.PickleStepDefinitionMatch.runStep(PickleStepDefinitionMatch.java:63)&#13;
	at io.cucumber.core.runner.TestStep.executeStep(TestStep.java:92)&#13;
	at io.cucumber.core.runner.TestStep.run(TestStep.java:63)&#13;
	at io.cucumber.core.runner.PickleStepTestStep.run(PickleStepTestStep.java:49)&#13;
	at io.cucumber.core.runner.TestCase.run(TestCase.java:99)&#13;
	at io.cucumber.core.runner.Runner.runPickle(Runner.java:71)&#13;
	at io.cucumber.junit.PickleRunners$WithStepDescriptions.run(PickleRunners.java:110)&#13;
	at io.cucumber.junit.FeatureRunner.runChild(FeatureRunner.java:135)&#13;
	at io.cucumber.junit.FeatureRunner.runChild(FeatureRunner.java:27)&#13;
	at org.junit.runners.ParentRunner$3.run(ParentRunner.java:238)&#13;
	at org.junit.runners.ParentRunner$1.schedule(ParentRunner.java:63)&#13;
	at org.junit.runners.ParentRunner.runChildren(ParentRunner.java:236)&#13;
	at org.junit.runners.ParentRunner.access$000(ParentRunner.java:53)&#13;
	at org.junit.runners.ParentRunner$2.evaluate(ParentRunner.java:229)&#13;
	at org.junit.runners.ParentRunner.run(ParentRunner.java:309)&#13;
	at io.cucumber.junit.Cucumber.runChild(Cucumber.java:199)&#13;
	at io.cucumber.junit.Cucumber.runChild(Cucumber.java:90)&#13;
	at org.junit.runners.ParentRunner$3.run(ParentRunner.java:238)&#13;
	at org.junit.runners.ParentRunner$1.schedule(ParentRunner.java:63)&#13;
	at org.junit.runners.ParentRunner.runChildren(ParentRunner.java:236)&#13;
	at org.junit.runners.ParentRunner.access$000(ParentRunner.java:53)&#13;
	at org.junit.runners.ParentRunner$2.evaluate(ParentRunner.java:229)&#13;
	at io.cucumber.junit.Cucumber$RunCucumber.evaluate(Cucumber.java:234)&#13;
	at org.junit.runners.ParentRunner.run(ParentRunner.java:309)&#13;
	at org.eclipse.jdt.internal.junit4.runner.JUnit4TestReference.run(JUnit4TestReference.java:89)&#13;
	at org.eclipse.jdt.internal.junit.runner.TestExecution.run(TestExecution.java:41)&#13;
	at org.eclipse.jdt.internal.junit.runner.RemoteTestRunner.runTests(RemoteTestRunner.java:542)&#13;
	at org.eclipse.jdt.internal.junit.runner.RemoteTestRunner.runTests(RemoteTestRunner.java:770)&#13;
	at org.eclipse.jdt.internal.junit.runner.RemoteTestRunner.run(RemoteTestRunner.java:464)&#13;
	at org.eclipse.jdt.internal.junit.runner.RemoteTestRunner.main(RemoteTestRunner.java:210)&#13;
&#13;
</error>
        </testcase>
      </testsuite>
    </testsuite>
  </testsuite>
</testrun>
