<?xml version="1.0" encoding="UTF-8"?><testrun name="TestRunner" project="TA_Training" tests="14" started="14" failures="0" errors="2" ignored="0">
  <testsuite name="runners.TestRunner" time="59.765">
    <testsuite name="SOFLAB TA Framework training" time="59.765">
      <testsuite name="Create an acount and buy something using test file" time="59.765" incomplete="true">
        <error>io.cucumber.junit.UndefinedStepException: The step "proceed from cart summary to checkout" is undefined. You can implement it using the snippet(s) below:

@When("proceed from cart summary to checkout")
public void proceed_from_cart_summary_to_checkout() {
    // Write code here that turns the phrase above into concrete actions
    throw new io.cucumber.java.PendingException();
}
&#13;
&#13;
</error>
        <testcase name="user is on Home Page" classname="Create an acount and buy something using test file" time="4.782"/>
        <testcase name="enter Sign in" classname="Create an acount and buy something using test file" time="1.379"/>
        <testcase name="enter email to create an account" classname="Create an acount and buy something using test file" time="0.516"/>
        <testcase name="click Create an account" classname="Create an acount and buy something using test file" time="0.09"/>
        <testcase name="enter &quot;Adam&quot; to create a account" classname="Create an acount and buy something using test file" time="5.809"/>
        <testcase name="enter the t-shirt category" classname="Create an acount and buy something using test file" time="2.215"/>
        <testcase name="add to cart a &quot;Adam&quot; t-shirt" classname="Create an acount and buy something using test file" time="11.836"/>
        <testcase name="enter the casual dresses category" classname="Create an acount and buy something using test file" time="2.404"/>
        <testcase name="add to cart a &quot;Adam&quot; casual dres" classname="Create an acount and buy something using test file" time="12.236"/>
        <testcase name="enter the women category" classname="Create an acount and buy something using test file" time="2.361"/>
        <testcase name="add to cart a &quot;Adam&quot; blouse" classname="Create an acount and buy something using test file" time="12.512"/>
        <testcase name="proceed to checkout" classname="Create an acount and buy something using test file" time="3.243"/>
        <testcase name="save the product names and prices to a file" classname="Create an acount and buy something using test file" time="0.377"/>
        <testcase name="proceed from cart summary to checkout" classname="Create an acount and buy something using test file" time="0.005">
          <error>io.cucumber.junit.UndefinedStepException: This step is undefined. You can implement it using the snippet(s) below:

@When("proceed from cart summary to checkout")
public void proceed_from_cart_summary_to_checkout() {
    // Write code here that turns the phrase above into concrete actions
    throw new io.cucumber.java.PendingException();
}
&#13;
&#13;
</error>
        </testcase>
      </testsuite>
    </testsuite>
  </testsuite>
</testrun>
