<?xml version="1.0" encoding="UTF-8"?><testrun name="TestRunner" project="TA_Training" tests="11" started="11" failures="0" errors="2" ignored="0">
  <testsuite name="runners.TestRunner" time="68.753">
    <testsuite name="SOFLAB TA Framework training" time="68.753">
      <testsuite name="Create an acount and buy something using test file" time="68.753" incomplete="true">
        <error>io.cucumber.junit.UndefinedStepException: The step "enter the blouses category" is undefined. You can implement it using the snippet(s) below:

@When("enter the blouses category")
public void enter_the_blouses_category() {
    // Write code here that turns the phrase above into concrete actions
    throw new io.cucumber.java.PendingException();
}


Some other steps were also undefined:

@When("add to cart a {string} blouse")
public void add_to_cart_a_blouse(String string) {
    // Write code here that turns the phrase above into concrete actions
    throw new io.cucumber.java.PendingException();
}
&#13;
&#13;
</error>
        <testcase name="user is on Home Page" classname="Create an acount and buy something using test file" time="10.615"/>
        <testcase name="enter Sign in" classname="Create an acount and buy something using test file" time="9.847"/>
        <testcase name="enter email to create an account" classname="Create an acount and buy something using test file" time="0.775"/>
        <testcase name="click Create an account" classname="Create an acount and buy something using test file" time="0.085"/>
        <testcase name="enter &quot;Adam&quot; to create a account" classname="Create an acount and buy something using test file" time="6.966"/>
        <testcase name="enter the t-shirt category" classname="Create an acount and buy something using test file" time="5.129"/>
        <testcase name="add to cart a &quot;Adam&quot; t-shirt" classname="Create an acount and buy something using test file" time="13.428"/>
        <testcase name="enter the casual dresses category" classname="Create an acount and buy something using test file" time="6.735"/>
        <testcase name="add to cart a &quot;Adam&quot; casual dres" classname="Create an acount and buy something using test file" time="15.155"/>
        <testcase name="enter the blouses category" classname="Create an acount and buy something using test file" time="0.015">
          <error>io.cucumber.junit.UndefinedStepException: This step is undefined. You can implement it using the snippet(s) below:

@When("enter the blouses category")
public void enter_the_blouses_category() {
    // Write code here that turns the phrase above into concrete actions
    throw new io.cucumber.java.PendingException();
}
&#13;
&#13;
</error>
        </testcase>
        <testcase name="add to cart a &quot;Adam&quot; blouse" classname="Create an acount and buy something using test file" time="0.002">
          <skipped>io.cucumber.junit.SkippedThrowable: This step is skipped&#13;
&#13;
</skipped>
        </testcase>
      </testsuite>
    </testsuite>
  </testsuite>
</testrun>
