<?xml version="1.0" encoding="UTF-8"?><testrun name="TestRunner" project="TA_Training" tests="11" started="11" failures="0" errors="2" ignored="0">
  <testsuite name="runners.TestRunner" time="56.014">
    <testsuite name="SOFLAB TA Framework training" time="56.014">
      <testsuite name="Create an acount and buy something using test file" time="56.014" incomplete="true">
        <error>io.cucumber.junit.UndefinedStepException: The step "add to cart a "Adam" blouse" is undefined. You can implement it using the snippet(s) below:

@When("add to cart a {string} blouse")
public void add_to_cart_a_blouse(String string) {
    // Write code here that turns the phrase above into concrete actions
    throw new io.cucumber.java.PendingException();
}
&#13;
&#13;
</error>
        <testcase name="user is on Home Page" classname="Create an acount and buy something using test file" time="7.452"/>
        <testcase name="enter Sign in" classname="Create an acount and buy something using test file" time="7.374"/>
        <testcase name="enter email to create an account" classname="Create an acount and buy something using test file" time="0.673"/>
        <testcase name="click Create an account" classname="Create an acount and buy something using test file" time="0.094"/>
        <testcase name="enter &quot;Adam&quot; to create a account" classname="Create an acount and buy something using test file" time="4.207"/>
        <testcase name="enter the t-shirt category" classname="Create an acount and buy something using test file" time="4.064"/>
        <testcase name="add to cart a &quot;Adam&quot; t-shirt" classname="Create an acount and buy something using test file" time="11.841"/>
        <testcase name="enter the casual dresses category" classname="Create an acount and buy something using test file" time="2.633"/>
        <testcase name="add to cart a &quot;Adam&quot; casual dres" classname="Create an acount and buy something using test file" time="13.165"/>
        <testcase name="enter the women category" classname="Create an acount and buy something using test file" time="4.505"/>
        <testcase name="add to cart a &quot;Adam&quot; blouse" classname="Create an acount and buy something using test file" time="0.006">
          <error>io.cucumber.junit.UndefinedStepException: This step is undefined. You can implement it using the snippet(s) below:

@When("add to cart a {string} blouse")
public void add_to_cart_a_blouse(String string) {
    // Write code here that turns the phrase above into concrete actions
    throw new io.cucumber.java.PendingException();
}
&#13;
&#13;
</error>
        </testcase>
      </testsuite>
    </testsuite>
  </testsuite>
</testrun>
