<?xml version="1.0" encoding="UTF-8"?><testrun name="TestRunner" project="TA_Training" tests="5" started="5" failures="0" errors="2" ignored="0">
  <testsuite name="runners.TestRunner" time="7.083">
    <testsuite name="SOFLAB TA Framework training" time="7.083">
      <testsuite name="Create an acount and buy something using test file" time="7.083" incomplete="true">
        <error>java.lang.RuntimeException: Json file not found at path : src/test/resources/testDataResources/Customer.json&#13;
	at dataProviders.JsonDataReader.getInformationsListData(JsonDataReader.java:33)&#13;
	at dataProviders.JsonDataReader.&lt;init&gt;(JsonDataReader.java:22)&#13;
	at managers.FileReaderManager.getJsonReader(FileReaderManager.java:24)&#13;
	at stepDefinitions.CreateAnAccountSteps.enter_to_create_a_account(CreateAnAccountSteps.java:44)&#13;
	at ✽.enter "Adam" to create a account(file:///C:/Users/p_smandzich/Desktop/Cucumber/TA_Training/src/test/resources/funcionalTests/training.feature:79)&#13;
&#13;
</error>
        <testcase name="user is on Home Page" classname="Create an acount and buy something using test file" time="4.763"/>
        <testcase name="enter Sign in" classname="Create an acount and buy something using test file" time="1.614"/>
        <testcase name="enter email to create an account" classname="Create an acount and buy something using test file" time="0.545"/>
        <testcase name="click Create an account" classname="Create an acount and buy something using test file" time="0.096"/>
        <testcase name="enter &quot;Adam&quot; to create a account" classname="Create an acount and buy something using test file" time="0.062">
          <error>java.lang.RuntimeException: Json file not found at path : src/test/resources/testDataResources/Customer.json&#13;
	at dataProviders.JsonDataReader.getInformationsListData(JsonDataReader.java:33)&#13;
	at dataProviders.JsonDataReader.&lt;init&gt;(JsonDataReader.java:22)&#13;
	at managers.FileReaderManager.getJsonReader(FileReaderManager.java:24)&#13;
	at stepDefinitions.CreateAnAccountSteps.enter_to_create_a_account(CreateAnAccountSteps.java:44)&#13;
	at ✽.enter "Adam" to create a account(file:///C:/Users/p_smandzich/Desktop/Cucumber/TA_Training/src/test/resources/funcionalTests/training.feature:79)&#13;
&#13;
</error>
        </testcase>
      </testsuite>
    </testsuite>
  </testsuite>
</testrun>
